Determining if the pthread_create exist failed with the following output:
Change Dir: /home/robbie/code/Chip8Emu/build/CMakeFiles/CMakeTmp

Run Build Command:"/usr/bin/make" "cmTryCompileExec3748916956/fast"
/usr/bin/make -f CMakeFiles/cmTryCompileExec3748916956.dir/build.make CMakeFiles/cmTryCompileExec3748916956.dir/build
make[1]: Entering directory `/home/robbie/code/Chip8Emu/build/CMakeFiles/CMakeTmp'
/usr/bin/cmake -E cmake_progress_report /home/robbie/code/Chip8Emu/build/CMakeFiles/CMakeTmp/CMakeFiles 1
Building C object CMakeFiles/cmTryCompileExec3748916956.dir/CheckSymbolExists.c.o
/usr/bin/cc    -o CMakeFiles/cmTryCompileExec3748916956.dir/CheckSymbolExists.c.o   -c /home/robbie/code/Chip8Emu/build/CMakeFiles/CMakeTmp/CheckSymbolExists.c
Linking C executable cmTryCompileExec3748916956
/usr/bin/cmake -E cmake_link_script CMakeFiles/cmTryCompileExec3748916956.dir/link.txt --verbose=1
/usr/bin/cc       CMakeFiles/cmTryCompileExec3748916956.dir/CheckSymbolExists.c.o  -o cmTryCompileExec3748916956 -rdynamic 
CMakeFiles/cmTryCompileExec3748916956.dir/CheckSymbolExists.c.o: In function `main':
/home/robbie/code/Chip8Emu/build/CMakeFiles/CMakeTmp/CheckSymbolExists.c:(.text+0x19): undefined reference to `pthread_create'
clang: error: linker command failed with exit code 1 (use -v to see invocation)
make[1]: *** [cmTryCompileExec3748916956] Error 1
make[1]: Leaving directory `/home/robbie/code/Chip8Emu/build/CMakeFiles/CMakeTmp'
make: *** [cmTryCompileExec3748916956/fast] Error 2

File /home/robbie/code/Chip8Emu/build/CMakeFiles/CMakeTmp/CheckSymbolExists.c:
/* */
#include <pthread.h>

int main(int argc, char** argv)
{
  (void)argv;
#ifndef pthread_create
  return ((int*)(&pthread_create))[argc];
#else
  (void)argc;
  return 0;
#endif
}

Determining if the function pthread_create exists in the pthreads failed with the following output:
Change Dir: /home/robbie/code/Chip8Emu/build/CMakeFiles/CMakeTmp

Run Build Command:"/usr/bin/make" "cmTryCompileExec528645891/fast"
/usr/bin/make -f CMakeFiles/cmTryCompileExec528645891.dir/build.make CMakeFiles/cmTryCompileExec528645891.dir/build
make[1]: Entering directory `/home/robbie/code/Chip8Emu/build/CMakeFiles/CMakeTmp'
/usr/bin/cmake -E cmake_progress_report /home/robbie/code/Chip8Emu/build/CMakeFiles/CMakeTmp/CMakeFiles 1
Building C object CMakeFiles/cmTryCompileExec528645891.dir/CheckFunctionExists.c.o
/usr/bin/cc   -DCHECK_FUNCTION_EXISTS=pthread_create   -o CMakeFiles/cmTryCompileExec528645891.dir/CheckFunctionExists.c.o   -c /usr/share/cmake-3.2/Modules/CheckFunctionExists.c
Linking C executable cmTryCompileExec528645891
/usr/bin/cmake -E cmake_link_script CMakeFiles/cmTryCompileExec528645891.dir/link.txt --verbose=1
/usr/bin/cc   -DCHECK_FUNCTION_EXISTS=pthread_create    CMakeFiles/cmTryCompileExec528645891.dir/CheckFunctionExists.c.o  -o cmTryCompileExec528645891 -rdynamic -lpthreads 
/usr/bin/ld: cannot find -lpthreads
clang: error: linker command failed with exit code 1 (use -v to see invocation)
make[1]: *** [cmTryCompileExec528645891] Error 1
make[1]: Leaving directory `/home/robbie/code/Chip8Emu/build/CMakeFiles/CMakeTmp'
make: *** [cmTryCompileExec528645891/fast] Error 2


